Copyright 1986-2019 Xilinx, Inc. All Rights Reserved.
----------------------------------------------------------------------------------------------------------------------------------------------------------------------
| Tool Version     : Vivado v.2019.1 (lin64) Build 2552052 Fri May 24 14:47:09 MDT 2019
| Date             : Wed Feb  2 11:10:08 2022
| Host             : archlinux running 64-bit Arch Linux
| Command          : report_power -file design_1_wrapper_power_routed.rpt -pb design_1_wrapper_power_summary_routed.pb -rpx design_1_wrapper_power_routed.rpx
| Design           : design_1_wrapper
| Device           : xc7z020clg484-1
| Design State     : routed
| Grade            : commercial
| Process          : typical
| Characterization : Production
----------------------------------------------------------------------------------------------------------------------------------------------------------------------

Power Report

Table of Contents
-----------------
1. Summary
1.1 On-Chip Components
1.2 Power Supply Summary
1.3 Confidence Level
2. Settings
2.1 Environment
2.2 Clock Constraints
3. Detailed Reports
3.1 By Hierarchy

1. Summary
----------

+--------------------------+--------------+
| Total On-Chip Power (W)  | 1.935        |
| Design Power Budget (W)  | Unspecified* |
| Power Budget Margin (W)  | NA           |
| Dynamic (W)              | 1.786        |
| Device Static (W)        | 0.149        |
| Effective TJA (C/W)      | 11.5         |
| Max Ambient (C)          | 62.7         |
| Junction Temperature (C) | 47.3         |
| Confidence Level         | Low          |
| Setting File             | ---          |
| Simulation Activity File | ---          |
| Design Nets Matched      | NA           |
+--------------------------+--------------+
* Specify Design Power Budget using, set_operating_conditions -design_power_budget <value in Watts>


1.1 On-Chip Components
----------------------

+--------------------------+-----------+----------+-----------+-----------------+
| On-Chip                  | Power (W) | Used     | Available | Utilization (%) |
+--------------------------+-----------+----------+-----------+-----------------+
| Clocks                   |     0.045 |       10 |       --- |             --- |
| Slice Logic              |     0.021 |    21379 |       --- |             --- |
|   LUT as Logic           |     0.019 |     7577 |     53200 |           14.24 |
|   Register               |     0.001 |     8847 |    106400 |            8.31 |
|   LUT as Distributed RAM |    <0.001 |      878 |     17400 |            5.05 |
|   CARRY4                 |    <0.001 |      179 |     13300 |            1.35 |
|   LUT as Shift Register  |    <0.001 |      245 |     17400 |            1.41 |
|   F7/F8 Muxes            |    <0.001 |       87 |     53200 |            0.16 |
|   Others                 |     0.000 |      921 |       --- |             --- |
| Signals                  |     0.024 |    13773 |       --- |             --- |
| Block RAM                |     0.002 |      1.5 |       140 |            1.07 |
| MMCM                     |     0.116 |        1 |         4 |           25.00 |
| DSPs                     |    <0.001 |        1 |       220 |            0.45 |
| I/O                      |     0.002 |       35 |       200 |           17.50 |
| PS7                      |     1.576 |        1 |       --- |             --- |
| Static Power             |     0.149 |          |           |                 |
| Total                    |     1.935 |          |           |                 |
+--------------------------+-----------+----------+-----------+-----------------+


1.2 Power Supply Summary
------------------------

+-----------+-------------+-----------+-------------+------------+
| Source    | Voltage (V) | Total (A) | Dynamic (A) | Static (A) |
+-----------+-------------+-----------+-------------+------------+
| Vccint    |       1.000 |     0.110 |       0.093 |      0.017 |
| Vccaux    |       1.800 |     0.080 |       0.064 |      0.016 |
| Vcco33    |       3.300 |     0.000 |       0.000 |      0.000 |
| Vcco25    |       2.500 |     0.002 |       0.001 |      0.001 |
| Vcco18    |       1.800 |     0.000 |       0.000 |      0.000 |
| Vcco15    |       1.500 |     0.000 |       0.000 |      0.000 |
| Vcco135   |       1.350 |     0.000 |       0.000 |      0.000 |
| Vcco12    |       1.200 |     0.000 |       0.000 |      0.000 |
| Vccaux_io |       1.800 |     0.000 |       0.000 |      0.000 |
| Vccbram   |       1.000 |     0.001 |       0.000 |      0.001 |
| MGTAVcc   |       1.000 |     0.000 |       0.000 |      0.000 |
| MGTAVtt   |       1.200 |     0.000 |       0.000 |      0.000 |
| MGTVccaux |       1.800 |     0.000 |       0.000 |      0.000 |
| Vccpint   |       1.000 |     0.762 |       0.729 |      0.033 |
| Vccpaux   |       1.800 |     0.084 |       0.074 |      0.010 |
| Vccpll    |       1.800 |     0.017 |       0.014 |      0.003 |
| Vcco_ddr  |       1.500 |     0.459 |       0.457 |      0.002 |
| Vcco_mio0 |       1.800 |     0.003 |       0.002 |      0.001 |
| Vcco_mio1 |       1.800 |     0.002 |       0.001 |      0.001 |
| Vccadc    |       1.800 |     0.020 |       0.000 |      0.020 |
+-----------+-------------+-----------+-------------+------------+


1.3 Confidence Level
--------------------

+-----------------------------+------------+--------------------------------------------------------+------------------------------------------------------------------------------------------------------------+
| User Input Data             | Confidence | Details                                                | Action                                                                                                     |
+-----------------------------+------------+--------------------------------------------------------+------------------------------------------------------------------------------------------------------------+
| Design implementation state | High       | Design is routed                                       |                                                                                                            |
| Clock nodes activity        | High       | User specified more than 95% of clocks                 |                                                                                                            |
| I/O nodes activity          | Low        | More than 75% of inputs are missing user specification | Provide missing input activity with simulation results or by editing the "By Resource Type -> I/Os" view   |
| Internal nodes activity     | Medium     | User specified less than 25% of internal nodes         | Provide missing internal nodes activity with simulation results or by editing the "By Resource Type" views |
| Device models               | High       | Device models are Production                           |                                                                                                            |
|                             |            |                                                        |                                                                                                            |
| Overall confidence level    | Low        |                                                        |                                                                                                            |
+-----------------------------+------------+--------------------------------------------------------+------------------------------------------------------------------------------------------------------------+


2. Settings
-----------

2.1 Environment
---------------

+-----------------------+------------------------+
| Ambient Temp (C)      | 25.0                   |
| ThetaJA (C/W)         | 11.5                   |
| Airflow (LFM)         | 250                    |
| Heat Sink             | none                   |
| ThetaSA (C/W)         | 0.0                    |
| Board Selection       | medium (10"x10")       |
| # of Board Layers     | 8to11 (8 to 11 Layers) |
| Board Temperature (C) | 25.0                   |
+-----------------------+------------------------+


2.2 Clock Constraints
---------------------

+--------------+-------------------------------------------------------------+-----------------+
| Clock        | Domain                                                      | Constraint (ns) |
+--------------+-------------------------------------------------------------+-----------------+
| clk0_bufgin  | design_1_i/dispsub_0/inst/dclkgen/top_mmcme2/CLK            |            40.0 |
| clk0_bufgin  | design_1_i/dispsub_0/inst/dclkgen/top_mmcme2/clk0_bufgin    |            40.0 |
| clk1_bufgin  | design_1_i/dispsub_0/inst/dclkgen/top_mmcme2/clk1_bufgin    |            40.0 |
| clk_fpga_0   | design_1_i/processing_system7_0/inst/FCLK_CLK0              |             8.0 |
| clk_fpga_0   | design_1_i/processing_system7_0/inst/FCLK_CLK_unbuffered[0] |             8.0 |
| clk_fpga_1   | design_1_i/processing_system7_0/inst/FCLK_CLK_unbuffered[1] |            25.0 |
| clkfb_bufgin | design_1_i/dispsub_0/inst/dclkgen/top_mmcme2/clkfb_bufgin   |            25.0 |
+--------------+-------------------------------------------------------------+-----------------+


3. Detailed Reports
-------------------

3.1 By Hierarchy
----------------

+--------------------------+-----------+
| Name                     | Power (W) |
+--------------------------+-----------+
| design_1_wrapper         |     1.786 |
|   design_1_i             |     1.784 |
|     axi_iic_0            |     0.002 |
|       U0                 |     0.002 |
|     axi_smc              |     0.024 |
|       inst               |     0.024 |
|     axi_smc_1            |     0.045 |
|       inst               |     0.045 |
|     display_0            |     0.004 |
|       inst               |     0.004 |
|     dispsub_0            |     0.117 |
|       inst               |     0.117 |
|     draw_0               |     0.004 |
|       inst               |     0.004 |
|     processing_system7_0 |     1.577 |
|       inst               |     1.577 |
|     ps2if_0              |     0.004 |
|       inst               |     0.004 |
|     ps7_0_axi_periph     |     0.006 |
|       s00_couplers       |     0.005 |
|       xbar               |     0.001 |
+--------------------------+-----------+


